[debug] [2025-06-10T12:22:40.367Z] ----------------------------------------------------------------------
[debug] [2025-06-10T12:22:40.371Z] Command:       D:\angular\nodejs\node.exe C:\Users\Admin\AppData\Roaming\npm\node_modules\firebase-tools\lib\bin\firebase.js init
[debug] [2025-06-10T12:22:40.371Z] CLI Version:   14.6.0
[debug] [2025-06-10T12:22:40.371Z] Platform:      win32
[debug] [2025-06-10T12:22:40.372Z] Node Version:  v24.1.0
[debug] [2025-06-10T12:22:40.372Z] Time:          Tue Jun 10 2025 17:52:40 GMT+0530 (India Standard Time)
[debug] [2025-06-10T12:22:40.372Z] ----------------------------------------------------------------------
[debug] 
[debug] [2025-06-10T12:22:40.377Z] > command requires scopes: ["email","openid","https://www.googleapis.com/auth/cloudplatformprojects.readonly","https://www.googleapis.com/auth/firebase","https://www.googleapis.com/auth/cloud-platform"]
[debug] [2025-06-10T12:22:40.377Z] > authorizing via signed-in user (webmaster@tendernews.com)
[info] 
     ######## #### ########  ######## ########     ###     ######  ########
     ##        ##  ##     ## ##       ##     ##  ##   ##  ##       ##
     ######    ##  ########  ######   ########  #########  ######  ######
     ##        ##  ##    ##  ##       ##     ## ##     ##       ## ##
     ##       #### ##     ## ######## ########  ##     ##  ######  ########

You're about to initialize a Firebase project in this directory:

  D:\angular\projex

[info] 
=== Project Setup
[info] 
[info] First, let's associate this project directory with a Firebase project.
[info] You can create multiple project aliases by running firebase use --add, 
[info] but for now we'll just set up a default project.
[info] 
[info] i  If you want to create a project in a Google Cloud organization or folder, please use "firebase projects:create" instead, and return to this command when you've created the project. 
[debug] [2025-06-10T12:23:14.073Z] Checked if tokens are valid: true, expires at: 1749561746478
[debug] [2025-06-10T12:23:14.073Z] Checked if tokens are valid: true, expires at: 1749561746478
[debug] [2025-06-10T12:23:14.075Z] >>> [apiv2][query] POST https://cloudresourcemanager.googleapis.com/v1/projects [none]
[debug] [2025-06-10T12:23:14.075Z] >>> [apiv2][body] POST https://cloudresourcemanager.googleapis.com/v1/projects {"projectId":"projex","name":"projex"}
[debug] [2025-06-10T12:23:15.677Z] <<< [apiv2][status] POST https://cloudresourcemanager.googleapis.com/v1/projects 400
[debug] [2025-06-10T12:23:15.677Z] <<< [apiv2][body] POST https://cloudresourcemanager.googleapis.com/v1/projects {"error":{"code":400,"message":"Cloud Resource Manager project creation is disabled. Contact your administrator to enable this setting in the Google Cloud Platform service in the Google Workspace Admin console. See https://support.google.com/a/answer/9197205 for more information.","status":"FAILED_PRECONDITION","details":[{"@type":"type.googleapis.com/google.rpc.PreconditionFailure","violations":[{"type":"SERVICE","description":"Cloud Resource Manager project creation is disabled. Contact your administrator to enable this setting in the Google Cloud Platform service in the Google Workspace Admin console. See https://support.google.com/a/answer/9197205 for more information."}]}]}}
[debug] [2025-06-10T12:23:15.785Z] FirebaseError: Request to https://cloudresourcemanager.googleapis.com/v1/projects had HTTP Error: 400, Cloud Resource Manager project creation is disabled. Contact your administrator to enable this setting in the Google Cloud Platform service in the Google Workspace Admin console. See https://support.google.com/a/answer/9197205 for more information.
    at responseToError (C:\Users\Admin\AppData\Roaming\npm\node_modules\firebase-tools\lib\responseToError.js:52:12)
    at RetryOperation._fn (C:\Users\Admin\AppData\Roaming\npm\node_modules\firebase-tools\lib\apiv2.js:312:77)
    at process.processTicksAndRejections (node:internal/process/task_queues:105:5)
[error] 
[error] Error: Failed to create project. See firebase-debug.log for more info.
